[0.030s] Invoking command in '/home/user/kuka_rl_ros2/src/build/catch_and_throw': AMENT_PREFIX_PATH=/home/user/kuka_rl_ros2/src/install/lbr_fri_idl:${AMENT_PREFIX_PATH} CMAKE_PREFIX_PATH=/home/user/kuka_rl_ros2/src/install/lbr_fri_idl:/home/user/kuka_rl_ros2/src/install/fri_client_sdk:/home/user/kuka_rl_ros2/install/med7_moveit_config:/home/user/kuka_rl_ros2/install/med14_moveit_config:/home/user/kuka_rl_ros2/install/lbr_fri_ros2_stack:/home/user/kuka_rl_ros2/install/lbr_demos_cpp:/home/user/kuka_rl_ros2/install/lbr_bringup:/home/user/kuka_rl_ros2/install/lbr_ros2_control:/home/user/kuka_rl_ros2/install/lbr_moveit_cpp:/home/user/kuka_rl_ros2/install/lbr_demos_advanced_cpp:/home/user/kuka_rl_ros2/install/lbr_fri_ros2:/home/user/kuka_rl_ros2/install/lbr_fri_idl:/home/user/kuka_rl_ros2/install/iiwa7_moveit_config:/home/user/kuka_rl_ros2/install/iiwa14_moveit_config:/home/user/kuka_rl_ros2/install/lbr_description:/home/user/kuka_rl_ros2/install/fri_client_sdk:/home/user/kuka_rl_ros2/install/catch_and_throw:/home/user/kuka_rl_ros2/install/lbr_demos_py:/home/user/kuka_rl_ros2/install/lbr_moveit:/home/user/kuka_rl_ros2/install/lbr_demos_advanced_py:/opt/ros/humble LD_LIBRARY_PATH=/home/user/kuka_rl_ros2/src/install/lbr_fri_idl/lib:/home/user/kuka_rl_ros2/src/install/fri_client_sdk/lib:${LD_LIBRARY_PATH} PKG_CONFIG_PATH=/home/user/kuka_rl_ros2/src/install/fri_client_sdk/lib/x86_64-linux-gnu/pkgconfig:/home/user/kuka_rl_ros2/src/install/fri_client_sdk/lib/pkgconfig:${PKG_CONFIG_PATH} PYTHONPATH=/home/user/kuka_rl_ros2/src/install/lbr_fri_idl/local/lib/python3.10/dist-packages:${PYTHONPATH} /usr/bin/cmake --build /home/user/kuka_rl_ros2/src/build/catch_and_throw -- -j8 -l8
[0.208s] -- Found ament_cmake: 1.3.11 (/opt/ros/humble/share/ament_cmake/cmake)
[0.354s] -- Found rclcpp: 16.0.12 (/opt/ros/humble/share/rclcpp/cmake)
[0.437s] -- Found rosidl_generator_c: 3.1.6 (/opt/ros/humble/share/rosidl_generator_c/cmake)
[0.443s] -- Found rosidl_adapter: 3.1.6 (/opt/ros/humble/share/rosidl_adapter/cmake)
[0.454s] -- Found rosidl_generator_cpp: 3.1.6 (/opt/ros/humble/share/rosidl_generator_cpp/cmake)
[0.485s] -- Using all available rosidl_typesupport_c: rosidl_typesupport_fastrtps_c;rosidl_typesupport_introspection_c
[0.532s] -- Using all available rosidl_typesupport_cpp: rosidl_typesupport_fastrtps_cpp;rosidl_typesupport_introspection_cpp
[0.617s] -- Found rmw_implementation_cmake: 6.1.2 (/opt/ros/humble/share/rmw_implementation_cmake/cmake)
[0.625s] -- Found rmw_fastrtps_cpp: 6.2.7 (/opt/ros/humble/share/rmw_fastrtps_cpp/cmake)
[0.755s] -- Found OpenSSL: /usr/lib/x86_64-linux-gnu/libcrypto.so (found version "3.0.2")  
[0.787s] -- Found FastRTPS: /opt/ros/humble/include  
[0.837s] -- Using RMW implementation 'rmw_fastrtps_cpp' as default
[0.859s] -- Looking for pthread.h
[1.127s] -- Looking for pthread.h - found
[1.127s] -- Performing Test CMAKE_HAVE_LIBC_PTHREAD
[1.237s] -- Performing Test CMAKE_HAVE_LIBC_PTHREAD - Success
[1.238s] -- Found Threads: TRUE  
[1.314s] -- Found sensor_msgs: 4.8.0 (/opt/ros/humble/share/sensor_msgs/cmake)
[1.351s] -- Found lbr_fri_idl: 1.5.0 (/home/user/kuka_rl_ros2/src/install/lbr_fri_idl/share/lbr_fri_idl/cmake)
[1.372s] -- Found ament_lint_auto: 0.12.12 (/opt/ros/humble/share/ament_lint_auto/cmake)
[1.498s] -- Configuring done
[1.511s] -- Generating done
[1.515s] -- Build files have been written to: /home/user/kuka_rl_ros2/src/build/catch_and_throw
[1.546s] [ 50%] [32mBuilding CXX object CMakeFiles/joint_state_node.dir/src/joint_state_node.cpp.o[0m
[4.000s] [01m[K/home/user/kuka_rl_ros2/src/catch_and_throw/src/joint_state_node.cpp:[m[K In member function â€˜[01m[Kvoid JointStateNode::publish_joint_commands(const std::vector<std::vector<double, std::allocator<double> > >&, int)[m[Kâ€™:
[4.000s] [01m[K/home/user/kuka_rl_ros2/src/catch_and_throw/src/joint_state_node.cpp:43:34:[m[K [01;31m[Kerror: [m[Kno match for â€˜[01m[Koperator=[m[Kâ€™ (operand types are â€˜[01m[Klbr_fri_idl::msg::LBRJointPositionCommand_<std::allocator<void> >::_joint_position_type[m[Kâ€™ {aka â€˜[01m[Kstd::array<double, 7>[m[Kâ€™} and â€˜[01m[Kconst std::vector<double, std::allocator<double> >[m[Kâ€™)
[4.000s]    43 |          msg.joint_position = [01;31m[Kjoint_pos[m[K;
[4.000s]       |                               [01;31m[K^~~~~~~~~[m[K
[4.001s] 
[4.001s] In file included from [01m[K/usr/include/c++/11/tuple:39[m[K,
[4.001s]                  from [01m[K/usr/include/c++/11/bits/unique_ptr.h:37[m[K,
[4.001s]                  from [01m[K/usr/include/c++/11/memory:76[m[K,
[4.001s]                  from [01m[K/opt/ros/humble/include/rclcpp/rclcpp/rclcpp.hpp:153[m[K,
[4.001s]                  from [01m[K/home/user/kuka_rl_ros2/src/catch_and_throw/src/joint_state_node.cpp:1[m[K:
[4.001s] [01m[K/usr/include/c++/11/array:95:12:[m[K [01;36m[Knote: [m[Kcandidate: â€˜[01m[Kconstexpr std::array<double, 7>& std::array<double, 7>::operator=(const std::array<double, 7>&)[m[Kâ€™
[4.001s]    95 |     struct [01;36m[Karray[m[K
[4.001s]       |            [01;36m[K^~~~~[m[K
[4.001s] [01m[K/usr/include/c++/11/array:95:12:[m[K [01;36m[Knote: [m[K  no known conversion for argument 1 from â€˜[01m[Kconst std::vector<double, std::allocator<double> >[m[Kâ€™ to â€˜[01m[Kconst std::array<double, 7>&[m[Kâ€™
[4.001s] [01m[K/usr/include/c++/11/array:95:12:[m[K [01;36m[Knote: [m[Kcandidate: â€˜[01m[Kconstexpr std::array<double, 7>& std::array<double, 7>::operator=(std::array<double, 7>&&)[m[Kâ€™
[4.001s] [01m[K/usr/include/c++/11/array:95:12:[m[K [01;36m[Knote: [m[K  no known conversion for argument 1 from â€˜[01m[Kconst std::vector<double, std::allocator<double> >[m[Kâ€™ to â€˜[01m[Kstd::array<double, 7>&&[m[Kâ€™
[7.914s] gmake[2]: *** [CMakeFiles/joint_state_node.dir/build.make:76: CMakeFiles/joint_state_node.dir/src/joint_state_node.cpp.o] Error 1
[7.914s] gmake[1]: *** [CMakeFiles/Makefile2:137: CMakeFiles/joint_state_node.dir/all] Error 2
[7.914s] gmake: *** [Makefile:146: all] Error 2
[7.916s] Invoked command in '/home/user/kuka_rl_ros2/src/build/catch_and_throw' returned '2': AMENT_PREFIX_PATH=/home/user/kuka_rl_ros2/src/install/lbr_fri_idl:${AMENT_PREFIX_PATH} CMAKE_PREFIX_PATH=/home/user/kuka_rl_ros2/src/install/lbr_fri_idl:/home/user/kuka_rl_ros2/src/install/fri_client_sdk:/home/user/kuka_rl_ros2/install/med7_moveit_config:/home/user/kuka_rl_ros2/install/med14_moveit_config:/home/user/kuka_rl_ros2/install/lbr_fri_ros2_stack:/home/user/kuka_rl_ros2/install/lbr_demos_cpp:/home/user/kuka_rl_ros2/install/lbr_bringup:/home/user/kuka_rl_ros2/install/lbr_ros2_control:/home/user/kuka_rl_ros2/install/lbr_moveit_cpp:/home/user/kuka_rl_ros2/install/lbr_demos_advanced_cpp:/home/user/kuka_rl_ros2/install/lbr_fri_ros2:/home/user/kuka_rl_ros2/install/lbr_fri_idl:/home/user/kuka_rl_ros2/install/iiwa7_moveit_config:/home/user/kuka_rl_ros2/install/iiwa14_moveit_config:/home/user/kuka_rl_ros2/install/lbr_description:/home/user/kuka_rl_ros2/install/fri_client_sdk:/home/user/kuka_rl_ros2/install/catch_and_throw:/home/user/kuka_rl_ros2/install/lbr_demos_py:/home/user/kuka_rl_ros2/install/lbr_moveit:/home/user/kuka_rl_ros2/install/lbr_demos_advanced_py:/opt/ros/humble LD_LIBRARY_PATH=/home/user/kuka_rl_ros2/src/install/lbr_fri_idl/lib:/home/user/kuka_rl_ros2/src/install/fri_client_sdk/lib:${LD_LIBRARY_PATH} PKG_CONFIG_PATH=/home/user/kuka_rl_ros2/src/install/fri_client_sdk/lib/x86_64-linux-gnu/pkgconfig:/home/user/kuka_rl_ros2/src/install/fri_client_sdk/lib/pkgconfig:${PKG_CONFIG_PATH} PYTHONPATH=/home/user/kuka_rl_ros2/src/install/lbr_fri_idl/local/lib/python3.10/dist-packages:${PYTHONPATH} /usr/bin/cmake --build /home/user/kuka_rl_ros2/src/build/catch_and_throw -- -j8 -l8
